<?xml version="1.0" encoding="utf-8"?><testsuites><testsuite name="pytest" errors="0" failures="1" skipped="1" tests="3" time="0.222" timestamp="2025-02-24T17:24:59.812370" hostname="justin-Inspiron-7580"><testcase classname="telekinesis.test.test_copyright" name="test_copyright" time="0.000"><skipped type="pytest.skip" message="No copyright header has been placed in the generated source file.">/home/justin/glove_ROS/src/telekinesis/test/test_copyright.py:20: No copyright header has been placed in the generated source file.</skipped></testcase><testcase classname="telekinesis.test.test_flake8" name="test_flake8" time="0.103"><failure message="AssertionError: Found 56 code style errors / warnings:&#10;  ./telekinesis/ik_calc.py:10:1: F401 'sys' imported but unused&#10;  ./telekinesis/ik_calc.py:11:1: F401 'ament_index_python.packages.get_package_share_directory' imported but unused&#10;  ./telekinesis/ik_calc.py:15:100: E501 line too long (102 &gt; 99 characters)&#10;  ./telekinesis/ik_calc.py:15:103: W291 trailing whitespace&#10;  ./telekinesis/ik_calc.py:17:100: E501 line too long (101 &gt; 99 characters)&#10;  ./telekinesis/ik_calc.py:19:1: E302 expected 2 blank lines, found 0&#10;  ./telekinesis/ik_calc.py:21:35: W291 trailing whitespace&#10;  ./telekinesis/ik_calc.py:23:9: E265 block comment should start with '# '&#10;  ./telekinesis/ik_calc.py:24:9: E265 block comment should start with '# '&#10;  ./telekinesis/ik_calc.py:26:31: W291 trailing whitespace&#10;  ./telekinesis/ik_calc.py:32:1: W293 blank line contains whitespace&#10;  ./telekinesis/ik_calc.py:34:9: E265 block comment should start with '# '&#10;  ./telekinesis/ik_calc.py:39:25: E251 unexpected spaces around keyword / parameter equals&#10;  ./telekinesis/ik_calc.py:39:27: E251 unexpected spaces around keyword / parameter equals&#10;  ./telekinesis/ik_calc.py:41:1: W293 blank line contains whitespace&#10;  ./telekinesis/ik_calc.py:42:9: E265 block comment should start with '# '&#10;  ./telekinesis/ik_calc.py:44:13: E265 block comment should start with '# '&#10;  ./telekinesis/ik_calc.py:45:100: E501 line too long (100 &gt; 99 characters)&#10;  ./telekinesis/ik_calc.py:46:13: E265 block comment should start with '# '&#10;  ./telekinesis/ik_calc.py:47:100: E501 line too long (110 &gt; 99 characters)&#10;  ./telekinesis/ik_calc.py:48:14: W291 trailing whitespace&#10;  ./telekinesis/ik_calc.py:49:100: E501 line too long (101 &gt; 99 characters)&#10;  ./telekinesis/ik_calc.py:50:100: E501 line too long (110 &gt; 99 characters)&#10;  ./telekinesis/ik_calc.py:51:8: E114 indentation is not a multiple of 4 (comment)&#10;  ./telekinesis/ik_calc.py:58:1: W293 blank line contains whitespace&#10;  ./telekinesis/ik_calc.py:62:9: F841 local variable 'small_ball_shape' is assigned to but never used&#10;  ./telekinesis/ik_calc.py:67:1: W293 blank line contains whitespace&#10;  ./telekinesis/ik_calc.py:69:25: E231 missing whitespace after ','&#10;  ./telekinesis/ik_calc.py:70:100: E501 line too long (165 &gt; 99 characters)&#10;  ./telekinesis/ik_calc.py:70:133: E261 at least two spaces before inline comment&#10;  ./telekinesis/ik_calc.py:70:166: W291 trailing whitespace&#10;  ./telekinesis/ik_calc.py:73:100: E501 line too long (101 &gt; 99 characters)&#10;  ./telekinesis/ik_calc.py:74:73: W291 trailing whitespace&#10;  ./telekinesis/ik_calc.py:75:73: W291 trailing whitespace&#10;  ./telekinesis/ik_calc.py:76:73: W291 trailing whitespace&#10;  ./telekinesis/ik_calc.py:78:1: W293 blank line contains whitespace&#10;  ./telekinesis/ik_calc.py:80:66: E201 whitespace after '('&#10;  ./telekinesis/ik_calc.py:88:1: W293 blank line contains whitespace&#10;  ./telekinesis/ik_calc.py:90:9: E265 block comment should start with '# '&#10;  ./telekinesis/ik_calc.py:92:22: W291 trailing whitespace&#10;  ./telekinesis/ik_calc.py:93:25: E231 missing whitespace after ','&#10;  ./telekinesis/ik_calc.py:94:100: E501 line too long (205 &gt; 99 characters)&#10;  ./telekinesis/ik_calc.py:95:100: E501 line too long (101 &gt; 99 characters)&#10;  ./telekinesis/ik_calc.py:96:49: W291 trailing whitespace&#10;  ./telekinesis/ik_calc.py:99:9: E265 block comment should start with '# '&#10;  ./telekinesis/ik_calc.py:104:1: W293 blank line contains whitespace&#10;  ./telekinesis/ik_calc.py:106:27: W291 trailing whitespace&#10;  ./telekinesis/ik_calc.py:110:1: W293 blank line contains whitespace&#10;  ./telekinesis/ik_calc.py:113:1: W293 blank line contains whitespace&#10;  ./telekinesis/ik_calc.py:116:1: W293 blank line contains whitespace&#10;  ./telekinesis/ik_calc.py:119:1: W293 blank line contains whitespace&#10;  ./telekinesis/ik_calc.py:139:1: W293 blank line contains whitespace&#10;  ./telekinesis/ik_calc.py:140:100: E501 line too long (140 &gt; 99 characters)&#10;  ./telekinesis/ik_calc.py:158:9: E265 block comment should start with '# '&#10;  ./telekinesis/ik_calc.py:171:1: E302 expected 2 blank lines, found 1&#10;  ./telekinesis/ik_calc.py:181:1: E305 expected 2 blank lines after class or function definition, found 1&#10;assert 1 == 0">test/test_flake8.py:23: in test_flake8
    assert rc == 0, \
E   AssertionError: Found 56 code style errors / warnings:
E     ./telekinesis/ik_calc.py:10:1: F401 'sys' imported but unused
E     ./telekinesis/ik_calc.py:11:1: F401 'ament_index_python.packages.get_package_share_directory' imported but unused
E     ./telekinesis/ik_calc.py:15:100: E501 line too long (102 &gt; 99 characters)
E     ./telekinesis/ik_calc.py:15:103: W291 trailing whitespace
E     ./telekinesis/ik_calc.py:17:100: E501 line too long (101 &gt; 99 characters)
E     ./telekinesis/ik_calc.py:19:1: E302 expected 2 blank lines, found 0
E     ./telekinesis/ik_calc.py:21:35: W291 trailing whitespace
E     ./telekinesis/ik_calc.py:23:9: E265 block comment should start with '# '
E     ./telekinesis/ik_calc.py:24:9: E265 block comment should start with '# '
E     ./telekinesis/ik_calc.py:26:31: W291 trailing whitespace
E     ./telekinesis/ik_calc.py:32:1: W293 blank line contains whitespace
E     ./telekinesis/ik_calc.py:34:9: E265 block comment should start with '# '
E     ./telekinesis/ik_calc.py:39:25: E251 unexpected spaces around keyword / parameter equals
E     ./telekinesis/ik_calc.py:39:27: E251 unexpected spaces around keyword / parameter equals
E     ./telekinesis/ik_calc.py:41:1: W293 blank line contains whitespace
E     ./telekinesis/ik_calc.py:42:9: E265 block comment should start with '# '
E     ./telekinesis/ik_calc.py:44:13: E265 block comment should start with '# '
E     ./telekinesis/ik_calc.py:45:100: E501 line too long (100 &gt; 99 characters)
E     ./telekinesis/ik_calc.py:46:13: E265 block comment should start with '# '
E     ./telekinesis/ik_calc.py:47:100: E501 line too long (110 &gt; 99 characters)
E     ./telekinesis/ik_calc.py:48:14: W291 trailing whitespace
E     ./telekinesis/ik_calc.py:49:100: E501 line too long (101 &gt; 99 characters)
E     ./telekinesis/ik_calc.py:50:100: E501 line too long (110 &gt; 99 characters)
E     ./telekinesis/ik_calc.py:51:8: E114 indentation is not a multiple of 4 (comment)
E     ./telekinesis/ik_calc.py:58:1: W293 blank line contains whitespace
E     ./telekinesis/ik_calc.py:62:9: F841 local variable 'small_ball_shape' is assigned to but never used
E     ./telekinesis/ik_calc.py:67:1: W293 blank line contains whitespace
E     ./telekinesis/ik_calc.py:69:25: E231 missing whitespace after ','
E     ./telekinesis/ik_calc.py:70:100: E501 line too long (165 &gt; 99 characters)
E     ./telekinesis/ik_calc.py:70:133: E261 at least two spaces before inline comment
E     ./telekinesis/ik_calc.py:70:166: W291 trailing whitespace
E     ./telekinesis/ik_calc.py:73:100: E501 line too long (101 &gt; 99 characters)
E     ./telekinesis/ik_calc.py:74:73: W291 trailing whitespace
E     ./telekinesis/ik_calc.py:75:73: W291 trailing whitespace
E     ./telekinesis/ik_calc.py:76:73: W291 trailing whitespace
E     ./telekinesis/ik_calc.py:78:1: W293 blank line contains whitespace
E     ./telekinesis/ik_calc.py:80:66: E201 whitespace after '('
E     ./telekinesis/ik_calc.py:88:1: W293 blank line contains whitespace
E     ./telekinesis/ik_calc.py:90:9: E265 block comment should start with '# '
E     ./telekinesis/ik_calc.py:92:22: W291 trailing whitespace
E     ./telekinesis/ik_calc.py:93:25: E231 missing whitespace after ','
E     ./telekinesis/ik_calc.py:94:100: E501 line too long (205 &gt; 99 characters)
E     ./telekinesis/ik_calc.py:95:100: E501 line too long (101 &gt; 99 characters)
E     ./telekinesis/ik_calc.py:96:49: W291 trailing whitespace
E     ./telekinesis/ik_calc.py:99:9: E265 block comment should start with '# '
E     ./telekinesis/ik_calc.py:104:1: W293 blank line contains whitespace
E     ./telekinesis/ik_calc.py:106:27: W291 trailing whitespace
E     ./telekinesis/ik_calc.py:110:1: W293 blank line contains whitespace
E     ./telekinesis/ik_calc.py:113:1: W293 blank line contains whitespace
E     ./telekinesis/ik_calc.py:116:1: W293 blank line contains whitespace
E     ./telekinesis/ik_calc.py:119:1: W293 blank line contains whitespace
E     ./telekinesis/ik_calc.py:139:1: W293 blank line contains whitespace
E     ./telekinesis/ik_calc.py:140:100: E501 line too long (140 &gt; 99 characters)
E     ./telekinesis/ik_calc.py:158:9: E265 block comment should start with '# '
E     ./telekinesis/ik_calc.py:171:1: E302 expected 2 blank lines, found 1
E     ./telekinesis/ik_calc.py:181:1: E305 expected 2 blank lines after class or function definition, found 1
E   assert 1 == 0</failure></testcase><testcase classname="telekinesis.test.test_pep257" name="test_pep257" time="0.022" /></testsuite></testsuites>