<?xml version="1.0" encoding="utf-8"?><testsuites><testsuite name="pytest" errors="0" failures="1" skipped="1" tests="3" time="0.252" timestamp="2025-02-24T17:24:59.351506" hostname="justin-Inspiron-7580"><testcase classname="glove.test_copyright" name="test_copyright" time="0.000"><skipped type="pytest.skip" message="No copyright header has been placed in the generated source file.">/home/justin/glove_ROS/src/glove/test_copyright.py:20: No copyright header has been placed in the generated source file.</skipped></testcase><testcase classname="glove.test_flake8" name="test_flake8" time="0.122"><failure message="AssertionError: Found 44 code style errors / warnings:&#10;  ./glove/read_and_send_zmq.py:6:1: F401 'rclpy.qos.QoSProfile' imported but unused&#10;  ./glove/read_and_send_zmq.py:6:1: F401 'rclpy.qos.QoSReliabilityPolicy' imported but unused&#10;  ./glove/read_and_send_zmq.py:11:100: E501 line too long (129 &gt; 99 characters)&#10;  ./glove/read_and_send_zmq.py:13:56: W291 trailing whitespace&#10;  ./glove/read_and_send_zmq.py:17:16: E222 multiple spaces after operator&#10;  ./glove/read_and_send_zmq.py:20:1: E302 expected 2 blank lines, found 1&#10;  ./glove/read_and_send_zmq.py:23:9: E265 block comment should start with '# '&#10;  ./glove/read_and_send_zmq.py:25:47: W291 trailing whitespace&#10;  ./glove/read_and_send_zmq.py:26:51: W291 trailing whitespace&#10;  ./glove/read_and_send_zmq.py:27:40: W291 trailing whitespace&#10;  ./glove/read_and_send_zmq.py:36:9: E265 block comment should start with '# '&#10;  ./glove/read_and_send_zmq.py:41:5: E303 too many blank lines (2)&#10;  ./glove/read_and_send_zmq.py:41:5: E265 block comment should start with '# '&#10;  ./glove/read_and_send_zmq.py:41:100: E501 line too long (224 &gt; 99 characters)&#10;  ./glove/read_and_send_zmq.py:42:5: E301 expected 1 blank line, found 0&#10;  ./glove/read_and_send_zmq.py:44:25: E231 missing whitespace after ','&#10;  ./glove/read_and_send_zmq.py:45:100: E501 line too long (151 &gt; 99 characters)&#10;  ./glove/read_and_send_zmq.py:45:103: E262 inline comment should start with '# '&#10;  ./glove/read_and_send_zmq.py:46:100: E501 line too long (132 &gt; 99 characters)&#10;  ./glove/read_and_send_zmq.py:52:66: W291 trailing whitespace&#10;  ./glove/read_and_send_zmq.py:58:5: E265 block comment should start with '# '&#10;  ./glove/read_and_send_zmq.py:58:100: E501 line too long (198 &gt; 99 characters)&#10;  ./glove/read_and_send_zmq.py:59:5: E301 expected 1 blank line, found 0&#10;  ./glove/read_and_send_zmq.py:61:9: E265 block comment should start with '# '&#10;  ./glove/read_and_send_zmq.py:61:58: W291 trailing whitespace&#10;  ./glove/read_and_send_zmq.py:62:9: E265 block comment should start with '# '&#10;  ./glove/read_and_send_zmq.py:62:100: E501 line too long (101 &gt; 99 characters)&#10;  ./glove/read_and_send_zmq.py:63:9: E265 block comment should start with '# '&#10;  ./glove/read_and_send_zmq.py:64:58: W291 trailing whitespace&#10;  ./glove/read_and_send_zmq.py:66:100: E501 line too long (151 &gt; 99 characters)&#10;  ./glove/read_and_send_zmq.py:66:103: E262 inline comment should start with '# '&#10;  ./glove/read_and_send_zmq.py:75:52: W291 trailing whitespace&#10;  ./glove/read_and_send_zmq.py:76:27: W291 trailing whitespace&#10;  ./glove/read_and_send_zmq.py:83:53: W291 trailing whitespace&#10;  ./glove/read_and_send_zmq.py:85:9: E265 block comment should start with '# '&#10;  ./glove/read_and_send_zmq.py:87:34: W291 trailing whitespace&#10;  ./glove/read_and_send_zmq.py:90:17: E265 block comment should start with '# '&#10;  ./glove/read_and_send_zmq.py:93:57: E231 missing whitespace after ','&#10;  ./glove/read_and_send_zmq.py:95:57: E231 missing whitespace after ','&#10;  ./glove/read_and_send_zmq.py:97:17: E265 block comment should start with '# '&#10;  ./glove/read_and_send_zmq.py:103:17: E265 block comment should start with '# '&#10;  ./glove/read_and_send_zmq.py:107:13: F841 local variable 'e' is assigned to but never used&#10;  ./glove/read_and_send_zmq.py:117:1: W293 blank line contains whitespace&#10;  ./glove/read_and_send_zmq.py:120:11: W292 no newline at end of file&#10;assert 1 == 0">test_flake8.py:23: in test_flake8
    assert rc == 0, \
E   AssertionError: Found 44 code style errors / warnings:
E     ./glove/read_and_send_zmq.py:6:1: F401 'rclpy.qos.QoSProfile' imported but unused
E     ./glove/read_and_send_zmq.py:6:1: F401 'rclpy.qos.QoSReliabilityPolicy' imported but unused
E     ./glove/read_and_send_zmq.py:11:100: E501 line too long (129 &gt; 99 characters)
E     ./glove/read_and_send_zmq.py:13:56: W291 trailing whitespace
E     ./glove/read_and_send_zmq.py:17:16: E222 multiple spaces after operator
E     ./glove/read_and_send_zmq.py:20:1: E302 expected 2 blank lines, found 1
E     ./glove/read_and_send_zmq.py:23:9: E265 block comment should start with '# '
E     ./glove/read_and_send_zmq.py:25:47: W291 trailing whitespace
E     ./glove/read_and_send_zmq.py:26:51: W291 trailing whitespace
E     ./glove/read_and_send_zmq.py:27:40: W291 trailing whitespace
E     ./glove/read_and_send_zmq.py:36:9: E265 block comment should start with '# '
E     ./glove/read_and_send_zmq.py:41:5: E303 too many blank lines (2)
E     ./glove/read_and_send_zmq.py:41:5: E265 block comment should start with '# '
E     ./glove/read_and_send_zmq.py:41:100: E501 line too long (224 &gt; 99 characters)
E     ./glove/read_and_send_zmq.py:42:5: E301 expected 1 blank line, found 0
E     ./glove/read_and_send_zmq.py:44:25: E231 missing whitespace after ','
E     ./glove/read_and_send_zmq.py:45:100: E501 line too long (151 &gt; 99 characters)
E     ./glove/read_and_send_zmq.py:45:103: E262 inline comment should start with '# '
E     ./glove/read_and_send_zmq.py:46:100: E501 line too long (132 &gt; 99 characters)
E     ./glove/read_and_send_zmq.py:52:66: W291 trailing whitespace
E     ./glove/read_and_send_zmq.py:58:5: E265 block comment should start with '# '
E     ./glove/read_and_send_zmq.py:58:100: E501 line too long (198 &gt; 99 characters)
E     ./glove/read_and_send_zmq.py:59:5: E301 expected 1 blank line, found 0
E     ./glove/read_and_send_zmq.py:61:9: E265 block comment should start with '# '
E     ./glove/read_and_send_zmq.py:61:58: W291 trailing whitespace
E     ./glove/read_and_send_zmq.py:62:9: E265 block comment should start with '# '
E     ./glove/read_and_send_zmq.py:62:100: E501 line too long (101 &gt; 99 characters)
E     ./glove/read_and_send_zmq.py:63:9: E265 block comment should start with '# '
E     ./glove/read_and_send_zmq.py:64:58: W291 trailing whitespace
E     ./glove/read_and_send_zmq.py:66:100: E501 line too long (151 &gt; 99 characters)
E     ./glove/read_and_send_zmq.py:66:103: E262 inline comment should start with '# '
E     ./glove/read_and_send_zmq.py:75:52: W291 trailing whitespace
E     ./glove/read_and_send_zmq.py:76:27: W291 trailing whitespace
E     ./glove/read_and_send_zmq.py:83:53: W291 trailing whitespace
E     ./glove/read_and_send_zmq.py:85:9: E265 block comment should start with '# '
E     ./glove/read_and_send_zmq.py:87:34: W291 trailing whitespace
E     ./glove/read_and_send_zmq.py:90:17: E265 block comment should start with '# '
E     ./glove/read_and_send_zmq.py:93:57: E231 missing whitespace after ','
E     ./glove/read_and_send_zmq.py:95:57: E231 missing whitespace after ','
E     ./glove/read_and_send_zmq.py:97:17: E265 block comment should start with '# '
E     ./glove/read_and_send_zmq.py:103:17: E265 block comment should start with '# '
E     ./glove/read_and_send_zmq.py:107:13: F841 local variable 'e' is assigned to but never used
E     ./glove/read_and_send_zmq.py:117:1: W293 blank line contains whitespace
E     ./glove/read_and_send_zmq.py:120:11: W292 no newline at end of file
E   assert 1 == 0</failure></testcase><testcase classname="glove.test_pep257" name="test_pep257" time="0.018" /></testsuite></testsuites>